{"numFailedTestSuites":3,"numFailedTests":3,"numPassedTestSuites":1,"numPassedTests":1,"numPendingTestSuites":0,"numPendingTests":0,"numRuntimeErrorTestSuites":2,"numTodoTests":0,"numTotalTestSuites":4,"numTotalTests":4,"openHandles":[],"snapshot":{"added":0,"didUpdate":false,"failure":false,"filesAdded":0,"filesRemoved":0,"filesRemovedList":[],"filesUnmatched":0,"filesUpdated":0,"matched":0,"total":0,"unchecked":0,"uncheckedKeysByFile":[],"unmatched":0,"updated":0},"startTime":1744999525821,"success":false,"testResults":[{"assertionResults":[{"ancestorTitles":["AppComponent (Jest)"],"duration":96,"failureDetails":[{}],"failureMessages":["Error: Component 'AppComponent' is not resolved:\n - templateUrl: ./app.component.html\n - styleUrls: [\"./app.component.scss\"]\nDid you run and wait for 'resolveComponentResources()'?\n    at Function.get (C:\\Users\\jesus\\OneDrive\\Escritorio\\ticket_info_estractor\\ticket-info-extractor-angular\\node_modules\\@angular\\core\\fesm2022\\core.mjs:34169:27)\n    at getComponentDef (C:\\Users\\jesus\\OneDrive\\Escritorio\\ticket_info_estractor\\ticket-info-extractor-angular\\node_modules\\@angular\\core\\fesm2022\\core.mjs:1645:12)\n    at isStandalone (C:\\Users\\jesus\\OneDrive\\Escritorio\\ticket_info_estractor\\ticket-info-extractor-angular\\node_modules\\@angular\\core\\fesm2022\\core.mjs:1662:17)\n    at components (C:\\Users\\jesus\\OneDrive\\Escritorio\\ticket_info_estractor\\ticket-info-extractor-angular\\node_modules\\@testing-library\\angular\\fesm2022\\testing-library-angular.mjs:357:62)\n    at addAutoDeclarations (C:\\Users\\jesus\\OneDrive\\Escritorio\\ticket_info_estractor\\ticket-info-extractor-angular\\node_modules\\@testing-library\\angular\\fesm2022\\testing-library-angular.mjs:358:46)\n    at C:\\Users\\jesus\\OneDrive\\Escritorio\\ticket_info_estractor\\ticket-info-extractor-angular\\node_modules\\@testing-library\\angular\\fesm2022\\testing-library-angular.mjs:57:23\n    at Generator.next (<anonymous>)\n    at C:\\Users\\jesus\\OneDrive\\Escritorio\\ticket_info_estractor\\ticket-info-extractor-angular\\node_modules\\@testing-library\\angular\\fesm2022\\testing-library-angular.mjs:71:61\n    at new ZoneAwarePromise (C:\\Users\\jesus\\OneDrive\\Escritorio\\ticket_info_estractor\\ticket-info-extractor-angular\\node_modules\\zone.js\\bundles\\zone.umd.js:2623:29)\n    at __async (C:\\Users\\jesus\\OneDrive\\Escritorio\\ticket_info_estractor\\ticket-info-extractor-angular\\node_modules\\@testing-library\\angular\\fesm2022\\testing-library-angular.mjs:55:10)\n    at render (C:\\Users\\jesus\\OneDrive\\Escritorio\\ticket_info_estractor\\ticket-info-extractor-angular\\node_modules\\@testing-library\\angular\\fesm2022\\testing-library-angular.mjs:41:48)\n    at C:\\Users\\jesus\\OneDrive\\Escritorio\\ticket_info_estractor\\ticket-info-extractor-angular\\src\\app\\app.component.spec.ts:6:37\n    at _ZoneDelegate.invoke (C:\\Users\\jesus\\OneDrive\\Escritorio\\ticket_info_estractor\\ticket-info-extractor-angular\\node_modules\\zone.js\\bundles\\zone.umd.js:416:32)\n    at ProxyZoneSpec.Object.<anonymous>.ProxyZoneSpec.onInvoke (C:\\Users\\jesus\\OneDrive\\Escritorio\\ticket_info_estractor\\ticket-info-extractor-angular\\node_modules\\zone.js\\bundles\\zone-testing.umd.js:2177:43)\n    at _ZoneDelegate.invoke (C:\\Users\\jesus\\OneDrive\\Escritorio\\ticket_info_estractor\\ticket-info-extractor-angular\\node_modules\\zone.js\\bundles\\zone.umd.js:415:38)\n    at ZoneImpl.run (C:\\Users\\jesus\\OneDrive\\Escritorio\\ticket_info_estractor\\ticket-info-extractor-angular\\node_modules\\zone.js\\bundles\\zone.umd.js:147:47)\n    at Object.wrappedFunc (C:\\Users\\jesus\\OneDrive\\Escritorio\\ticket_info_estractor\\ticket-info-extractor-angular\\node_modules\\zone.js\\bundles\\zone-testing.umd.js:450:38)\n    at Promise.then.completed (C:\\Users\\jesus\\OneDrive\\Escritorio\\ticket_info_estractor\\ticket-info-extractor-angular\\node_modules\\jest-circus\\build\\utils.js:298:28)\n    at new Promise (<anonymous>)\n    at callAsyncCircusFn (C:\\Users\\jesus\\OneDrive\\Escritorio\\ticket_info_estractor\\ticket-info-extractor-angular\\node_modules\\jest-circus\\build\\utils.js:231:10)\n    at _callCircusTest (C:\\Users\\jesus\\OneDrive\\Escritorio\\ticket_info_estractor\\ticket-info-extractor-angular\\node_modules\\jest-circus\\build\\run.js:316:40)\n    at _runTest (C:\\Users\\jesus\\OneDrive\\Escritorio\\ticket_info_estractor\\ticket-info-extractor-angular\\node_modules\\jest-circus\\build\\run.js:252:3)\n    at _runTestsForDescribeBlock (C:\\Users\\jesus\\OneDrive\\Escritorio\\ticket_info_estractor\\ticket-info-extractor-angular\\node_modules\\jest-circus\\build\\run.js:126:9)\n    at _runTestsForDescribeBlock (C:\\Users\\jesus\\OneDrive\\Escritorio\\ticket_info_estractor\\ticket-info-extractor-angular\\node_modules\\jest-circus\\build\\run.js:121:9)\n    at run (C:\\Users\\jesus\\OneDrive\\Escritorio\\ticket_info_estractor\\ticket-info-extractor-angular\\node_modules\\jest-circus\\build\\run.js:71:3)\n    at runAndTransformResultsToJestFormat (C:\\Users\\jesus\\OneDrive\\Escritorio\\ticket_info_estractor\\ticket-info-extractor-angular\\node_modules\\jest-circus\\build\\legacy-code-todo-rewrite\\jestAdapterInit.js:122:21)"],"fullName":"AppComponent (Jest) should create the app","invocations":1,"location":{"column":43,"line":492},"numPassingAsserts":0,"retryReasons":[],"status":"failed","title":"should create the app"},{"ancestorTitles":["AppComponent (Jest)"],"duration":2,"failureDetails":[{}],"failureMessages":["Error: Component 'AppComponent' is not resolved:\n - templateUrl: ./app.component.html\n - styleUrls: [\"./app.component.scss\"]\nDid you run and wait for 'resolveComponentResources()'?\n    at Function.get (C:\\Users\\jesus\\OneDrive\\Escritorio\\ticket_info_estractor\\ticket-info-extractor-angular\\node_modules\\@angular\\core\\fesm2022\\core.mjs:34169:27)\n    at getComponentDef (C:\\Users\\jesus\\OneDrive\\Escritorio\\ticket_info_estractor\\ticket-info-extractor-angular\\node_modules\\@angular\\core\\fesm2022\\core.mjs:1645:12)\n    at isStandalone (C:\\Users\\jesus\\OneDrive\\Escritorio\\ticket_info_estractor\\ticket-info-extractor-angular\\node_modules\\@angular\\core\\fesm2022\\core.mjs:1662:17)\n    at components (C:\\Users\\jesus\\OneDrive\\Escritorio\\ticket_info_estractor\\ticket-info-extractor-angular\\node_modules\\@testing-library\\angular\\fesm2022\\testing-library-angular.mjs:357:62)\n    at addAutoDeclarations (C:\\Users\\jesus\\OneDrive\\Escritorio\\ticket_info_estractor\\ticket-info-extractor-angular\\node_modules\\@testing-library\\angular\\fesm2022\\testing-library-angular.mjs:358:46)\n    at C:\\Users\\jesus\\OneDrive\\Escritorio\\ticket_info_estractor\\ticket-info-extractor-angular\\node_modules\\@testing-library\\angular\\fesm2022\\testing-library-angular.mjs:57:23\n    at Generator.next (<anonymous>)\n    at C:\\Users\\jesus\\OneDrive\\Escritorio\\ticket_info_estractor\\ticket-info-extractor-angular\\node_modules\\@testing-library\\angular\\fesm2022\\testing-library-angular.mjs:71:61\n    at new ZoneAwarePromise (C:\\Users\\jesus\\OneDrive\\Escritorio\\ticket_info_estractor\\ticket-info-extractor-angular\\node_modules\\zone.js\\bundles\\zone.umd.js:2623:29)\n    at __async (C:\\Users\\jesus\\OneDrive\\Escritorio\\ticket_info_estractor\\ticket-info-extractor-angular\\node_modules\\@testing-library\\angular\\fesm2022\\testing-library-angular.mjs:55:10)\n    at render (C:\\Users\\jesus\\OneDrive\\Escritorio\\ticket_info_estractor\\ticket-info-extractor-angular\\node_modules\\@testing-library\\angular\\fesm2022\\testing-library-angular.mjs:41:48)\n    at C:\\Users\\jesus\\OneDrive\\Escritorio\\ticket_info_estractor\\ticket-info-extractor-angular\\src\\app\\app.component.spec.ts:12:37\n    at _ZoneDelegate.invoke (C:\\Users\\jesus\\OneDrive\\Escritorio\\ticket_info_estractor\\ticket-info-extractor-angular\\node_modules\\zone.js\\bundles\\zone.umd.js:416:32)\n    at ProxyZoneSpec.Object.<anonymous>.ProxyZoneSpec.onInvoke (C:\\Users\\jesus\\OneDrive\\Escritorio\\ticket_info_estractor\\ticket-info-extractor-angular\\node_modules\\zone.js\\bundles\\zone-testing.umd.js:2177:43)\n    at _ZoneDelegate.invoke (C:\\Users\\jesus\\OneDrive\\Escritorio\\ticket_info_estractor\\ticket-info-extractor-angular\\node_modules\\zone.js\\bundles\\zone.umd.js:415:38)\n    at ZoneImpl.run (C:\\Users\\jesus\\OneDrive\\Escritorio\\ticket_info_estractor\\ticket-info-extractor-angular\\node_modules\\zone.js\\bundles\\zone.umd.js:147:47)\n    at Object.wrappedFunc (C:\\Users\\jesus\\OneDrive\\Escritorio\\ticket_info_estractor\\ticket-info-extractor-angular\\node_modules\\zone.js\\bundles\\zone-testing.umd.js:450:38)\n    at Promise.then.completed (C:\\Users\\jesus\\OneDrive\\Escritorio\\ticket_info_estractor\\ticket-info-extractor-angular\\node_modules\\jest-circus\\build\\utils.js:298:28)\n    at new Promise (<anonymous>)\n    at callAsyncCircusFn (C:\\Users\\jesus\\OneDrive\\Escritorio\\ticket_info_estractor\\ticket-info-extractor-angular\\node_modules\\jest-circus\\build\\utils.js:231:10)\n    at _callCircusTest (C:\\Users\\jesus\\OneDrive\\Escritorio\\ticket_info_estractor\\ticket-info-extractor-angular\\node_modules\\jest-circus\\build\\run.js:316:40)\n    at _runTest (C:\\Users\\jesus\\OneDrive\\Escritorio\\ticket_info_estractor\\ticket-info-extractor-angular\\node_modules\\jest-circus\\build\\run.js:252:3)\n    at _runTestsForDescribeBlock (C:\\Users\\jesus\\OneDrive\\Escritorio\\ticket_info_estractor\\ticket-info-extractor-angular\\node_modules\\jest-circus\\build\\run.js:126:9)\n    at _runTestsForDescribeBlock (C:\\Users\\jesus\\OneDrive\\Escritorio\\ticket_info_estractor\\ticket-info-extractor-angular\\node_modules\\jest-circus\\build\\run.js:121:9)\n    at run (C:\\Users\\jesus\\OneDrive\\Escritorio\\ticket_info_estractor\\ticket-info-extractor-angular\\node_modules\\jest-circus\\build\\run.js:71:3)\n    at runAndTransformResultsToJestFormat (C:\\Users\\jesus\\OneDrive\\Escritorio\\ticket_info_estractor\\ticket-info-extractor-angular\\node_modules\\jest-circus\\build\\legacy-code-todo-rewrite\\jestAdapterInit.js:122:21)"],"fullName":"AppComponent (Jest) should have the correct title property","invocations":1,"location":{"column":43,"line":492},"numPassingAsserts":0,"retryReasons":[],"status":"failed","title":"should have the correct title property"},{"ancestorTitles":["AppComponent (Jest)"],"duration":2,"failureDetails":[{}],"failureMessages":["Error: Component 'AppComponent' is not resolved:\n - templateUrl: ./app.component.html\n - styleUrls: [\"./app.component.scss\"]\nDid you run and wait for 'resolveComponentResources()'?\n    at Function.get (C:\\Users\\jesus\\OneDrive\\Escritorio\\ticket_info_estractor\\ticket-info-extractor-angular\\node_modules\\@angular\\core\\fesm2022\\core.mjs:34169:27)\n    at getComponentDef (C:\\Users\\jesus\\OneDrive\\Escritorio\\ticket_info_estractor\\ticket-info-extractor-angular\\node_modules\\@angular\\core\\fesm2022\\core.mjs:1645:12)\n    at isStandalone (C:\\Users\\jesus\\OneDrive\\Escritorio\\ticket_info_estractor\\ticket-info-extractor-angular\\node_modules\\@angular\\core\\fesm2022\\core.mjs:1662:17)\n    at components (C:\\Users\\jesus\\OneDrive\\Escritorio\\ticket_info_estractor\\ticket-info-extractor-angular\\node_modules\\@testing-library\\angular\\fesm2022\\testing-library-angular.mjs:357:62)\n    at addAutoDeclarations (C:\\Users\\jesus\\OneDrive\\Escritorio\\ticket_info_estractor\\ticket-info-extractor-angular\\node_modules\\@testing-library\\angular\\fesm2022\\testing-library-angular.mjs:358:46)\n    at C:\\Users\\jesus\\OneDrive\\Escritorio\\ticket_info_estractor\\ticket-info-extractor-angular\\node_modules\\@testing-library\\angular\\fesm2022\\testing-library-angular.mjs:57:23\n    at Generator.next (<anonymous>)\n    at C:\\Users\\jesus\\OneDrive\\Escritorio\\ticket_info_estractor\\ticket-info-extractor-angular\\node_modules\\@testing-library\\angular\\fesm2022\\testing-library-angular.mjs:71:61\n    at new ZoneAwarePromise (C:\\Users\\jesus\\OneDrive\\Escritorio\\ticket_info_estractor\\ticket-info-extractor-angular\\node_modules\\zone.js\\bundles\\zone.umd.js:2623:29)\n    at __async (C:\\Users\\jesus\\OneDrive\\Escritorio\\ticket_info_estractor\\ticket-info-extractor-angular\\node_modules\\@testing-library\\angular\\fesm2022\\testing-library-angular.mjs:55:10)\n    at render (C:\\Users\\jesus\\OneDrive\\Escritorio\\ticket_info_estractor\\ticket-info-extractor-angular\\node_modules\\@testing-library\\angular\\fesm2022\\testing-library-angular.mjs:41:48)\n    at C:\\Users\\jesus\\OneDrive\\Escritorio\\ticket_info_estractor\\ticket-info-extractor-angular\\src\\app\\app.component.spec.ts:18:17\n    at _ZoneDelegate.invoke (C:\\Users\\jesus\\OneDrive\\Escritorio\\ticket_info_estractor\\ticket-info-extractor-angular\\node_modules\\zone.js\\bundles\\zone.umd.js:416:32)\n    at ProxyZoneSpec.Object.<anonymous>.ProxyZoneSpec.onInvoke (C:\\Users\\jesus\\OneDrive\\Escritorio\\ticket_info_estractor\\ticket-info-extractor-angular\\node_modules\\zone.js\\bundles\\zone-testing.umd.js:2177:43)\n    at _ZoneDelegate.invoke (C:\\Users\\jesus\\OneDrive\\Escritorio\\ticket_info_estractor\\ticket-info-extractor-angular\\node_modules\\zone.js\\bundles\\zone.umd.js:415:38)\n    at ZoneImpl.run (C:\\Users\\jesus\\OneDrive\\Escritorio\\ticket_info_estractor\\ticket-info-extractor-angular\\node_modules\\zone.js\\bundles\\zone.umd.js:147:47)\n    at Object.wrappedFunc (C:\\Users\\jesus\\OneDrive\\Escritorio\\ticket_info_estractor\\ticket-info-extractor-angular\\node_modules\\zone.js\\bundles\\zone-testing.umd.js:450:38)\n    at Promise.then.completed (C:\\Users\\jesus\\OneDrive\\Escritorio\\ticket_info_estractor\\ticket-info-extractor-angular\\node_modules\\jest-circus\\build\\utils.js:298:28)\n    at new Promise (<anonymous>)\n    at callAsyncCircusFn (C:\\Users\\jesus\\OneDrive\\Escritorio\\ticket_info_estractor\\ticket-info-extractor-angular\\node_modules\\jest-circus\\build\\utils.js:231:10)\n    at _callCircusTest (C:\\Users\\jesus\\OneDrive\\Escritorio\\ticket_info_estractor\\ticket-info-extractor-angular\\node_modules\\jest-circus\\build\\run.js:316:40)\n    at _runTest (C:\\Users\\jesus\\OneDrive\\Escritorio\\ticket_info_estractor\\ticket-info-extractor-angular\\node_modules\\jest-circus\\build\\run.js:252:3)\n    at _runTestsForDescribeBlock (C:\\Users\\jesus\\OneDrive\\Escritorio\\ticket_info_estractor\\ticket-info-extractor-angular\\node_modules\\jest-circus\\build\\run.js:126:9)\n    at _runTestsForDescribeBlock (C:\\Users\\jesus\\OneDrive\\Escritorio\\ticket_info_estractor\\ticket-info-extractor-angular\\node_modules\\jest-circus\\build\\run.js:121:9)\n    at run (C:\\Users\\jesus\\OneDrive\\Escritorio\\ticket_info_estractor\\ticket-info-extractor-angular\\node_modules\\jest-circus\\build\\run.js:71:3)\n    at runAndTransformResultsToJestFormat (C:\\Users\\jesus\\OneDrive\\Escritorio\\ticket_info_estractor\\ticket-info-extractor-angular\\node_modules\\jest-circus\\build\\legacy-code-todo-rewrite\\jestAdapterInit.js:122:21)"],"fullName":"AppComponent (Jest) should render title in the DOM","invocations":1,"location":{"column":43,"line":492},"numPassingAsserts":0,"retryReasons":[],"status":"failed","title":"should render title in the DOM"}],"endTime":1744999530820,"message":"\u001b[1m\u001b[31m  \u001b[1m● \u001b[22m\u001b[1mAppComponent (Jest) › should create the app\u001b[39m\u001b[22m\n\n    Component 'AppComponent' is not resolved:\n     - templateUrl: ./app.component.html\n     - styleUrls: [\"./app.component.scss\"]\n    Did you run and wait for 'resolveComponentResources()'?\n\u001b[2m\u001b[22m\n\u001b[2m    \u001b[0m \u001b[90m 4 |\u001b[39m describe(\u001b[32m'AppComponent (Jest)'\u001b[39m\u001b[33m,\u001b[39m () \u001b[33m=>\u001b[39m {\u001b[22m\n\u001b[2m     \u001b[90m 5 |\u001b[39m   it(\u001b[32m'should create the app'\u001b[39m\u001b[33m,\u001b[39m \u001b[36masync\u001b[39m () \u001b[33m=>\u001b[39m {\u001b[22m\n\u001b[2m    \u001b[31m\u001b[1m>\u001b[22m\u001b[2m\u001b[39m\u001b[90m 6 |\u001b[39m     \u001b[36mconst\u001b[39m { fixture } \u001b[33m=\u001b[39m \u001b[36mawait\u001b[39m render(\u001b[33mAppComponent\u001b[39m)\u001b[33m;\u001b[39m\u001b[22m\n\u001b[2m     \u001b[90m   |\u001b[39m                                     \u001b[31m\u001b[1m^\u001b[22m\u001b[2m\u001b[39m\u001b[22m\n\u001b[2m     \u001b[90m 7 |\u001b[39m     \u001b[36mconst\u001b[39m app \u001b[33m=\u001b[39m fixture\u001b[33m.\u001b[39mcomponentInstance\u001b[33m;\u001b[39m\u001b[22m\n\u001b[2m     \u001b[90m 8 |\u001b[39m     expect(app)\u001b[33m.\u001b[39mtoBeTruthy()\u001b[33m;\u001b[39m\u001b[22m\n\u001b[2m     \u001b[90m 9 |\u001b[39m   })\u001b[33m;\u001b[39m\u001b[0m\u001b[22m\n\u001b[2m\u001b[22m\n\u001b[2m      \u001b[2mat Function.get (\u001b[22m\u001b[2mnode_modules/@angular/core/fesm2022/core.mjs\u001b[2m:34169:27)\u001b[22m\u001b[2m\u001b[22m\n\u001b[2m      \u001b[2mat getComponentDef (\u001b[22m\u001b[2mnode_modules/@angular/core/fesm2022/core.mjs\u001b[2m:1645:12)\u001b[22m\u001b[2m\u001b[22m\n\u001b[2m      \u001b[2mat isStandalone (\u001b[22m\u001b[2mnode_modules/@angular/core/fesm2022/core.mjs\u001b[2m:1662:17)\u001b[22m\u001b[2m\u001b[22m\n\u001b[2m      \u001b[2mat components (\u001b[22m\u001b[2mnode_modules/@testing-library/angular/fesm2022/testing-library-angular.mjs\u001b[2m:357:62)\u001b[22m\u001b[2m\u001b[22m\n\u001b[2m      \u001b[2mat addAutoDeclarations (\u001b[22m\u001b[2mnode_modules/@testing-library/angular/fesm2022/testing-library-angular.mjs\u001b[2m:358:46)\u001b[22m\u001b[2m\u001b[22m\n\u001b[2m      \u001b[2mat \u001b[22m\u001b[2mnode_modules/@testing-library/angular/fesm2022/testing-library-angular.mjs\u001b[2m:57:23\u001b[22m\u001b[2m\u001b[22m\n\u001b[2m      \u001b[2mat \u001b[22m\u001b[2mnode_modules/@testing-library/angular/fesm2022/testing-library-angular.mjs\u001b[2m:71:61\u001b[22m\u001b[2m\u001b[22m\n\u001b[2m      \u001b[2mat new ZoneAwarePromise (\u001b[22m\u001b[2mnode_modules/zone.js/bundles/zone.umd.js\u001b[2m:2623:29)\u001b[22m\u001b[2m\u001b[22m\n\u001b[2m      \u001b[2mat __async (\u001b[22m\u001b[2mnode_modules/@testing-library/angular/fesm2022/testing-library-angular.mjs\u001b[2m:55:10)\u001b[22m\u001b[2m\u001b[22m\n\u001b[2m      \u001b[2mat render (\u001b[22m\u001b[2mnode_modules/@testing-library/angular/fesm2022/testing-library-angular.mjs\u001b[2m:41:48)\u001b[22m\u001b[2m\u001b[22m\n\u001b[2m      \u001b[2mat \u001b[22m\u001b[2m\u001b[0m\u001b[36msrc/app/app.component.spec.ts\u001b[39m\u001b[0m\u001b[2m:6:37\u001b[22m\u001b[2m\u001b[22m\n\u001b[2m      \u001b[2mat _ZoneDelegate.invoke (\u001b[22m\u001b[2mnode_modules/zone.js/bundles/zone.umd.js\u001b[2m:416:32)\u001b[22m\u001b[2m\u001b[22m\n\u001b[2m      \u001b[2mat ProxyZoneSpec.Object.<anonymous>.ProxyZoneSpec.onInvoke (\u001b[22m\u001b[2mnode_modules/zone.js/bundles/zone-testing.umd.js\u001b[2m:2177:43)\u001b[22m\u001b[2m\u001b[22m\n\u001b[2m      \u001b[2mat _ZoneDelegate.invoke (\u001b[22m\u001b[2mnode_modules/zone.js/bundles/zone.umd.js\u001b[2m:415:38)\u001b[22m\u001b[2m\u001b[22m\n\u001b[2m      \u001b[2mat ZoneImpl.run (\u001b[22m\u001b[2mnode_modules/zone.js/bundles/zone.umd.js\u001b[2m:147:47)\u001b[22m\u001b[2m\u001b[22m\n\u001b[2m      \u001b[2mat Object.wrappedFunc (\u001b[22m\u001b[2mnode_modules/zone.js/bundles/zone-testing.umd.js\u001b[2m:450:38)\u001b[22m\u001b[2m\u001b[22m\n\n\u001b[1m\u001b[31m  \u001b[1m● \u001b[22m\u001b[1mAppComponent (Jest) › should have the correct title property\u001b[39m\u001b[22m\n\n    Component 'AppComponent' is not resolved:\n     - templateUrl: ./app.component.html\n     - styleUrls: [\"./app.component.scss\"]\n    Did you run and wait for 'resolveComponentResources()'?\n\u001b[2m\u001b[22m\n\u001b[2m    \u001b[0m \u001b[90m 10 |\u001b[39m\u001b[22m\n\u001b[2m     \u001b[90m 11 |\u001b[39m   it(\u001b[32m'should have the correct title property'\u001b[39m\u001b[33m,\u001b[39m \u001b[36masync\u001b[39m () \u001b[33m=>\u001b[39m {\u001b[22m\n\u001b[2m    \u001b[31m\u001b[1m>\u001b[22m\u001b[2m\u001b[39m\u001b[90m 12 |\u001b[39m     \u001b[36mconst\u001b[39m { fixture } \u001b[33m=\u001b[39m \u001b[36mawait\u001b[39m render(\u001b[33mAppComponent\u001b[39m)\u001b[33m;\u001b[39m\u001b[22m\n\u001b[2m     \u001b[90m    |\u001b[39m                                     \u001b[31m\u001b[1m^\u001b[22m\u001b[2m\u001b[39m\u001b[22m\n\u001b[2m     \u001b[90m 13 |\u001b[39m     \u001b[36mconst\u001b[39m app \u001b[33m=\u001b[39m fixture\u001b[33m.\u001b[39mcomponentInstance\u001b[33m;\u001b[39m\u001b[22m\n\u001b[2m     \u001b[90m 14 |\u001b[39m     expect(app\u001b[33m.\u001b[39mtitle)\u001b[33m.\u001b[39mtoEqual(\u001b[32m'Ticket Information Extractor'\u001b[39m)\u001b[33m;\u001b[39m\u001b[22m\n\u001b[2m     \u001b[90m 15 |\u001b[39m   })\u001b[33m;\u001b[39m\u001b[0m\u001b[22m\n\u001b[2m\u001b[22m\n\u001b[2m      \u001b[2mat Function.get (\u001b[22m\u001b[2mnode_modules/@angular/core/fesm2022/core.mjs\u001b[2m:34169:27)\u001b[22m\u001b[2m\u001b[22m\n\u001b[2m      \u001b[2mat getComponentDef (\u001b[22m\u001b[2mnode_modules/@angular/core/fesm2022/core.mjs\u001b[2m:1645:12)\u001b[22m\u001b[2m\u001b[22m\n\u001b[2m      \u001b[2mat isStandalone (\u001b[22m\u001b[2mnode_modules/@angular/core/fesm2022/core.mjs\u001b[2m:1662:17)\u001b[22m\u001b[2m\u001b[22m\n\u001b[2m      \u001b[2mat components (\u001b[22m\u001b[2mnode_modules/@testing-library/angular/fesm2022/testing-library-angular.mjs\u001b[2m:357:62)\u001b[22m\u001b[2m\u001b[22m\n\u001b[2m      \u001b[2mat addAutoDeclarations (\u001b[22m\u001b[2mnode_modules/@testing-library/angular/fesm2022/testing-library-angular.mjs\u001b[2m:358:46)\u001b[22m\u001b[2m\u001b[22m\n\u001b[2m      \u001b[2mat \u001b[22m\u001b[2mnode_modules/@testing-library/angular/fesm2022/testing-library-angular.mjs\u001b[2m:57:23\u001b[22m\u001b[2m\u001b[22m\n\u001b[2m      \u001b[2mat \u001b[22m\u001b[2mnode_modules/@testing-library/angular/fesm2022/testing-library-angular.mjs\u001b[2m:71:61\u001b[22m\u001b[2m\u001b[22m\n\u001b[2m      \u001b[2mat new ZoneAwarePromise (\u001b[22m\u001b[2mnode_modules/zone.js/bundles/zone.umd.js\u001b[2m:2623:29)\u001b[22m\u001b[2m\u001b[22m\n\u001b[2m      \u001b[2mat __async (\u001b[22m\u001b[2mnode_modules/@testing-library/angular/fesm2022/testing-library-angular.mjs\u001b[2m:55:10)\u001b[22m\u001b[2m\u001b[22m\n\u001b[2m      \u001b[2mat render (\u001b[22m\u001b[2mnode_modules/@testing-library/angular/fesm2022/testing-library-angular.mjs\u001b[2m:41:48)\u001b[22m\u001b[2m\u001b[22m\n\u001b[2m      \u001b[2mat \u001b[22m\u001b[2m\u001b[0m\u001b[36msrc/app/app.component.spec.ts\u001b[39m\u001b[0m\u001b[2m:12:37\u001b[22m\u001b[2m\u001b[22m\n\u001b[2m      \u001b[2mat _ZoneDelegate.invoke (\u001b[22m\u001b[2mnode_modules/zone.js/bundles/zone.umd.js\u001b[2m:416:32)\u001b[22m\u001b[2m\u001b[22m\n\u001b[2m      \u001b[2mat ProxyZoneSpec.Object.<anonymous>.ProxyZoneSpec.onInvoke (\u001b[22m\u001b[2mnode_modules/zone.js/bundles/zone-testing.umd.js\u001b[2m:2177:43)\u001b[22m\u001b[2m\u001b[22m\n\u001b[2m      \u001b[2mat _ZoneDelegate.invoke (\u001b[22m\u001b[2mnode_modules/zone.js/bundles/zone.umd.js\u001b[2m:415:38)\u001b[22m\u001b[2m\u001b[22m\n\u001b[2m      \u001b[2mat ZoneImpl.run (\u001b[22m\u001b[2mnode_modules/zone.js/bundles/zone.umd.js\u001b[2m:147:47)\u001b[22m\u001b[2m\u001b[22m\n\u001b[2m      \u001b[2mat Object.wrappedFunc (\u001b[22m\u001b[2mnode_modules/zone.js/bundles/zone-testing.umd.js\u001b[2m:450:38)\u001b[22m\u001b[2m\u001b[22m\n\n\u001b[1m\u001b[31m  \u001b[1m● \u001b[22m\u001b[1mAppComponent (Jest) › should render title in the DOM\u001b[39m\u001b[22m\n\n    Component 'AppComponent' is not resolved:\n     - templateUrl: ./app.component.html\n     - styleUrls: [\"./app.component.scss\"]\n    Did you run and wait for 'resolveComponentResources()'?\n\u001b[2m\u001b[22m\n\u001b[2m    \u001b[0m \u001b[90m 16 |\u001b[39m\u001b[22m\n\u001b[2m     \u001b[90m 17 |\u001b[39m   it(\u001b[32m'should render title in the DOM'\u001b[39m\u001b[33m,\u001b[39m \u001b[36masync\u001b[39m () \u001b[33m=>\u001b[39m {\u001b[22m\n\u001b[2m    \u001b[31m\u001b[1m>\u001b[22m\u001b[2m\u001b[39m\u001b[90m 18 |\u001b[39m     \u001b[36mawait\u001b[39m render(\u001b[33mAppComponent\u001b[39m)\u001b[33m;\u001b[39m\u001b[22m\n\u001b[2m     \u001b[90m    |\u001b[39m                 \u001b[31m\u001b[1m^\u001b[22m\u001b[2m\u001b[39m\u001b[22m\n\u001b[2m     \u001b[90m 19 |\u001b[39m     expect(screen\u001b[33m.\u001b[39mgetByText(\u001b[35m/Ticket Information Extractor/i\u001b[39m))\u001b[33m.\u001b[39mtoBeInTheDocument()\u001b[33m;\u001b[39m\u001b[22m\n\u001b[2m     \u001b[90m 20 |\u001b[39m   })\u001b[33m;\u001b[39m\u001b[22m\n\u001b[2m     \u001b[90m 21 |\u001b[39m })\u001b[33m;\u001b[39m\u001b[0m\u001b[22m\n\u001b[2m\u001b[22m\n\u001b[2m      \u001b[2mat Function.get (\u001b[22m\u001b[2mnode_modules/@angular/core/fesm2022/core.mjs\u001b[2m:34169:27)\u001b[22m\u001b[2m\u001b[22m\n\u001b[2m      \u001b[2mat getComponentDef (\u001b[22m\u001b[2mnode_modules/@angular/core/fesm2022/core.mjs\u001b[2m:1645:12)\u001b[22m\u001b[2m\u001b[22m\n\u001b[2m      \u001b[2mat isStandalone (\u001b[22m\u001b[2mnode_modules/@angular/core/fesm2022/core.mjs\u001b[2m:1662:17)\u001b[22m\u001b[2m\u001b[22m\n\u001b[2m      \u001b[2mat components (\u001b[22m\u001b[2mnode_modules/@testing-library/angular/fesm2022/testing-library-angular.mjs\u001b[2m:357:62)\u001b[22m\u001b[2m\u001b[22m\n\u001b[2m      \u001b[2mat addAutoDeclarations (\u001b[22m\u001b[2mnode_modules/@testing-library/angular/fesm2022/testing-library-angular.mjs\u001b[2m:358:46)\u001b[22m\u001b[2m\u001b[22m\n\u001b[2m      \u001b[2mat \u001b[22m\u001b[2mnode_modules/@testing-library/angular/fesm2022/testing-library-angular.mjs\u001b[2m:57:23\u001b[22m\u001b[2m\u001b[22m\n\u001b[2m      \u001b[2mat \u001b[22m\u001b[2mnode_modules/@testing-library/angular/fesm2022/testing-library-angular.mjs\u001b[2m:71:61\u001b[22m\u001b[2m\u001b[22m\n\u001b[2m      \u001b[2mat new ZoneAwarePromise (\u001b[22m\u001b[2mnode_modules/zone.js/bundles/zone.umd.js\u001b[2m:2623:29)\u001b[22m\u001b[2m\u001b[22m\n\u001b[2m      \u001b[2mat __async (\u001b[22m\u001b[2mnode_modules/@testing-library/angular/fesm2022/testing-library-angular.mjs\u001b[2m:55:10)\u001b[22m\u001b[2m\u001b[22m\n\u001b[2m      \u001b[2mat render (\u001b[22m\u001b[2mnode_modules/@testing-library/angular/fesm2022/testing-library-angular.mjs\u001b[2m:41:48)\u001b[22m\u001b[2m\u001b[22m\n\u001b[2m      \u001b[2mat \u001b[22m\u001b[2m\u001b[0m\u001b[36msrc/app/app.component.spec.ts\u001b[39m\u001b[0m\u001b[2m:18:17\u001b[22m\u001b[2m\u001b[22m\n\u001b[2m      \u001b[2mat _ZoneDelegate.invoke (\u001b[22m\u001b[2mnode_modules/zone.js/bundles/zone.umd.js\u001b[2m:416:32)\u001b[22m\u001b[2m\u001b[22m\n\u001b[2m      \u001b[2mat ProxyZoneSpec.Object.<anonymous>.ProxyZoneSpec.onInvoke (\u001b[22m\u001b[2mnode_modules/zone.js/bundles/zone-testing.umd.js\u001b[2m:2177:43)\u001b[22m\u001b[2m\u001b[22m\n\u001b[2m      \u001b[2mat _ZoneDelegate.invoke (\u001b[22m\u001b[2mnode_modules/zone.js/bundles/zone.umd.js\u001b[2m:415:38)\u001b[22m\u001b[2m\u001b[22m\n\u001b[2m      \u001b[2mat ZoneImpl.run (\u001b[22m\u001b[2mnode_modules/zone.js/bundles/zone.umd.js\u001b[2m:147:47)\u001b[22m\u001b[2m\u001b[22m\n\u001b[2m      \u001b[2mat Object.wrappedFunc (\u001b[22m\u001b[2mnode_modules/zone.js/bundles/zone-testing.umd.js\u001b[2m:450:38)\u001b[22m\u001b[2m\u001b[22m\n","name":"C:\\Users\\jesus\\OneDrive\\Escritorio\\ticket_info_estractor\\ticket-info-extractor-angular\\src\\app\\app.component.spec.ts","startTime":1744999526651,"status":"failed","summary":""},{"assertionResults":[],"coverage":{},"endTime":1744999532231,"message":"  \u001b[1m● \u001b[22mTest suite failed to run\n\n    \u001b[96msrc/app/components/ticket-extractor/ticket-extractor.component.spec.ts\u001b[0m:\u001b[93m5\u001b[0m:\u001b[93m23\u001b[0m - \u001b[91merror\u001b[0m\u001b[90m TS2554: \u001b[0mExpected 1 arguments, but got 0.\n\n    \u001b[7m5\u001b[0m     const component = new TicketExtractorComponent();\n    \u001b[7m \u001b[0m \u001b[91m                      ~~~~~~~~~~~~~~~~~~~~~~~~~~~~~~\u001b[0m\n\n      \u001b[96msrc/app/components/ticket-extractor/ticket-extractor.component.ts\u001b[0m:\u001b[93m22\u001b[0m:\u001b[93m15\u001b[0m\n        \u001b[7m22\u001b[0m   constructor(private ticketDataService: TicketDataService) {}\n        \u001b[7m  \u001b[0m \u001b[96m              ~~~~~~~~~~~~~~~~~~~~~~~~~~~~~~~~~~~~~~~~~~~~\u001b[0m\n        An argument for 'ticketDataService' was not provided.\n","name":"C:\\Users\\jesus\\OneDrive\\Escritorio\\ticket_info_estractor\\ticket-info-extractor-angular\\src\\app\\components\\ticket-extractor\\ticket-extractor.component.spec.ts","startTime":1744999532231,"status":"failed","summary":""},{"assertionResults":[{"ancestorTitles":["TicketTableComponent (Jest)"],"duration":2,"failureDetails":[],"failureMessages":[],"fullName":"TicketTableComponent (Jest) should create","invocations":1,"location":{"column":43,"line":492},"numPassingAsserts":1,"retryReasons":[],"status":"passed","title":"should create"}],"endTime":1744999531610,"message":"","name":"C:\\Users\\jesus\\OneDrive\\Escritorio\\ticket_info_estractor\\ticket-info-extractor-angular\\src\\app\\components\\ticket-table\\ticket-table.component.spec.ts","startTime":1744999531250,"status":"passed","summary":""},{"assertionResults":[],"coverage":{},"endTime":1744999532231,"message":"  \u001b[1m● \u001b[22mTest suite failed to run\n\n    \u001b[1m\u001b[31mJest encountered an unexpected token\u001b[39m\u001b[22m\n\n    Jest failed to parse a file. This happens e.g. when your code or its dependencies use non-standard JavaScript syntax, or when Jest is not configured to support such syntax.\n\n    Out of the box Jest supports Babel, which will be used to transform your files into valid JS based on your Babel configuration.\n\n    By default \"node_modules\" folder is ignored by transformers.\n\n    Here's what you can do:\n     • If you are trying to use ECMAScript Modules, see \u001b[4mhttps://jestjs.io/docs/ecmascript-modules\u001b[24m for how to enable it.\n     • If you are trying to use TypeScript, see \u001b[4mhttps://jestjs.io/docs/getting-started#using-typescript\u001b[24m\n     • To have some of your \"node_modules\" files transformed, you can specify a custom \u001b[1m\"transformIgnorePatterns\"\u001b[22m in your config.\n     • If you need a custom transformation specify a \u001b[1m\"transform\"\u001b[22m option in your config.\n     • If you simply want to mock your non-JS modules (e.g. binary assets) you can stub them out with the \u001b[1m\"moduleNameMapper\"\u001b[22m config option.\n\n    You'll find more details and examples of these config options in the docs:\n    \u001b[36mhttps://jestjs.io/docs/configuration\u001b[39m\n    For information about custom transformations, see:\n    \u001b[36mhttps://jestjs.io/docs/code-transformation\u001b[39m\n\n    \u001b[1m\u001b[31mDetails:\u001b[39m\u001b[22m\n\n    C:\\Users\\jesus\\OneDrive\\Escritorio\\ticket_info_estractor\\ticket-info-extractor-angular\\node_modules\\cheerio\\dist\\browser\\index.js:1\n    ({\"Object.<anonymous>\":function(module,exports,require,__dirname,__filename,jest){export { contains, merge } from './static.js';\n                                                                                      ^^^^^^\n\n    SyntaxError: Unexpected token 'export'\n\n    \u001b[0m \u001b[90m 1 |\u001b[39m \u001b[36mimport\u001b[39m { \u001b[33mInjectable\u001b[39m } \u001b[36mfrom\u001b[39m \u001b[32m'@angular/core'\u001b[39m\u001b[33m;\u001b[39m\n    \u001b[31m\u001b[1m>\u001b[22m\u001b[39m\u001b[90m 2 |\u001b[39m \u001b[36mimport\u001b[39m \u001b[33m*\u001b[39m \u001b[36mas\u001b[39m cheerio \u001b[36mfrom\u001b[39m \u001b[32m'cheerio'\u001b[39m\u001b[33m;\u001b[39m\n     \u001b[90m   |\u001b[39m \u001b[31m\u001b[1m^\u001b[22m\u001b[39m\n     \u001b[90m 3 |\u001b[39m \u001b[36mimport\u001b[39m { \u001b[33mTicket\u001b[39m } \u001b[36mfrom\u001b[39m \u001b[32m'../models/ticket.model'\u001b[39m\u001b[33m;\u001b[39m\n     \u001b[90m 4 |\u001b[39m\n     \u001b[90m 5 |\u001b[39m \u001b[33m@\u001b[39m\u001b[33mInjectable\u001b[39m({\u001b[0m\n\n      \u001b[2mat Runtime.createScriptFromCode (\u001b[22mnode_modules/jest-runtime/build/index.js\u001b[2m:1505:14)\u001b[22m\n      \u001b[2mat Object.<anonymous> (\u001b[22msrc/app/services/ticket-data.service.ts\u001b[2m:2:1)\u001b[22m\n      \u001b[2mat Object.<anonymous> (\u001b[22m\u001b[0m\u001b[36msrc/app/services/ticket-data.service.spec.ts\u001b[39m\u001b[0m\u001b[2m:1:1)\u001b[22m\n","name":"C:\\Users\\jesus\\OneDrive\\Escritorio\\ticket_info_estractor\\ticket-info-extractor-angular\\src\\app\\services\\ticket-data.service.spec.ts","startTime":1744999532231,"status":"failed","summary":""}],"wasInterrupted":false}
